12:53:51 INFO  [c.e.j.JournalApplication] - Starting JournalApplication using Java 21.0.5 with PID 1208 (E:\Spring-boot\journal_app\target\classes started by Falgun in E:\Spring-boot)
12:53:51 INFO  [c.e.j.JournalApplication] - The following 1 profile is active: "dev"
12:53:53 INFO  [o.s.d.r.c.RepositoryConfigurationDelegate] - Bootstrapping Spring Data MongoDB repositories in DEFAULT mode.
12:53:54 INFO  [o.s.d.r.c.RepositoryConfigurationDelegate] - Finished Spring Data repository scanning in 189 ms. Found 2 MongoDB repository interfaces.
12:53:55 INFO  [o.s.b.w.e.t.TomcatWebServer] - Tomcat initialized with port 8081 (http)
12:53:55 INFO  [o.a.c.h.Http11NioProtocol] - Initializing ProtocolHandler ["http-nio-8081"]
12:53:55 INFO  [o.a.c.c.StandardService] - Starting service [Tomcat]
12:53:55 INFO  [o.a.c.c.StandardEngine] - Starting Servlet engine: [Apache Tomcat/10.1.41]
12:53:56 INFO  [o.a.c.c.C.[.[.[/journal]] - Initializing Spring embedded WebApplicationContext
12:53:56 INFO  [o.s.b.w.s.c.ServletWebServerApplicationContext] - Root WebApplicationContext: initialization completed in 4489 ms
12:53:57 INFO  [o.m.driver.client] - MongoClient with metadata {"driver": {"name": "mongo-java-driver|sync|spring-boot", "version": "5.4.0"}, "os": {"type": "Windows", "name": "Windows 11", "architecture": "amd64", "version": "10.0"}, "platform": "Java/Oracle Corporation/21.0.5+9-LTS-239"} created with settings MongoClientSettings{readPreference=primary, writeConcern=WriteConcern{w=null, wTimeout=null ms, journal=null}, retryWrites=true, retryReads=true, readConcern=ReadConcern{level=null}, credential=null, transportSettings=null, commandListeners=[], codecRegistry=ProvidersCodecRegistry{codecProviders=[ValueCodecProvider{}, BsonValueCodecProvider{}, DBRefCodecProvider{}, DBObjectCodecProvider{}, DocumentCodecProvider{}, CollectionCodecProvider{}, IterableCodecProvider{}, MapCodecProvider{}, GeoJsonCodecProvider{}, GridFSFileCodecProvider{}, Jsr310CodecProvider{}, JsonObjectCodecProvider{}, BsonCodecProvider{}, EnumCodecProvider{}, com.mongodb.client.model.mql.ExpressionCodecProvider@1578b8ec, com.mongodb.Jep395RecordCodecProvider@f613067, com.mongodb.KotlinCodecProvider@c1e14f]}, loggerSettings=LoggerSettings{maxDocumentLength=1000}, clusterSettings={hosts=[localhost:27017], srvServiceName=mongodb, mode=SINGLE, requiredClusterType=UNKNOWN, requiredReplicaSetName='null', serverSelector='null', clusterListeners='[]', serverSelectionTimeout='30000 ms', localThreshold='15 ms'}, socketSettings=SocketSettings{connectTimeoutMS=10000, readTimeoutMS=0, receiveBufferSize=0, proxySettings=ProxySettings{host=null, port=null, username=null, password=null}}, heartbeatSocketSettings=SocketSettings{connectTimeoutMS=10000, readTimeoutMS=10000, receiveBufferSize=0, proxySettings=ProxySettings{host=null, port=null, username=null, password=null}}, connectionPoolSettings=ConnectionPoolSettings{maxSize=100, minSize=0, maxWaitTimeMS=120000, maxConnectionLifeTimeMS=0, maxConnectionIdleTimeMS=0, maintenanceInitialDelayMS=0, maintenanceFrequencyMS=60000, connectionPoolListeners=[], maxConnecting=2}, serverSettings=ServerSettings{heartbeatFrequencyMS=10000, minHeartbeatFrequencyMS=500, serverMonitoringMode=AUTO, serverListeners='[]', serverMonitorListeners='[]'}, sslSettings=SslSettings{enabled=false, invalidHostNameAllowed=false, context=null}, applicationName='null', compressorList=[], uuidRepresentation=JAVA_LEGACY, serverApi=null, autoEncryptionSettings=null, dnsClient=null, inetAddressResolver=null, contextProvider=null, timeoutMS=null}
12:53:57 INFO  [o.m.driver.cluster] - Monitor thread successfully connected to server with description ServerDescription{address=localhost:27017, type=STANDALONE, cryptd=false, state=CONNECTED, ok=true, minWireVersion=0, maxWireVersion=21, maxDocumentSize=16777216, logicalSessionTimeoutMinutes=30, roundTripTimeNanos=93803300, minRoundTripTimeNanos=0}
12:53:57 WARN  [o.s.d.c.CustomConversions] - Registering converter from interface java.util.List to interface org.springframework.data.domain.Vector as reading converter although it doesn't convert from a store-supported type; You might want to check your annotation setup at the converter implementation
12:53:57 WARN  [o.s.d.c.CustomConversions] - Registering converter from interface java.util.List to interface org.springframework.data.domain.Vector as reading converter although it doesn't convert from a store-supported type; You might want to check your annotation setup at the converter implementation
12:53:59 INFO  [o.s.s.c.a.a.c.InitializeAuthenticationProviderBeanManagerConfigurer$InitializeAuthenticationProviderManagerConfigurer] - Global AuthenticationManager configured with AuthenticationProvider bean with name authenticationprovider
12:53:59 WARN  [o.s.s.c.a.a.c.InitializeUserDetailsBeanManagerConfigurer$InitializeUserDetailsManagerConfigurer] - Global AuthenticationManager configured with an AuthenticationProvider bean. UserDetailsService beans will not be used by Spring Security for automatically configuring username/password login. Consider removing the AuthenticationProvider bean. Alternatively, consider using the UserDetailsService in a manually instantiated DaoAuthenticationProvider. If the current configuration is intentional, to turn off this warning, increase the logging level of 'org.springframework.security.config.annotation.authentication.configuration.InitializeUserDetailsBeanManagerConfigurer' to ERROR
12:54:00 INFO  [o.a.c.h.Http11NioProtocol] - Starting ProtocolHandler ["http-nio-8081"]
12:54:00 INFO  [o.s.b.w.e.t.TomcatWebServer] - Tomcat started on port 8081 (http) with context path '/journal'
12:54:00 INFO  [c.e.j.JournalApplication] - Started JournalApplication in 10.61 seconds (process running for 13.115)
12:54:07 INFO  [o.a.c.c.C.[.[.[/journal]] - Initializing Spring DispatcherServlet 'dispatcherServlet'
12:54:07 INFO  [o.s.w.s.DispatcherServlet] - Initializing Servlet 'dispatcherServlet'
12:54:07 INFO  [o.s.w.s.DispatcherServlet] - Completed initialization in 2 ms
12:54:07 INFO  [c.e.j.c.PublicController] - User Created Successfully
12:54:57 INFO  [c.e.j.c.PublicController] - User Created Successfully
12:58:23 INFO  [o.s.b.w.e.t.GracefulShutdown] - Commencing graceful shutdown. Waiting for active requests to complete
12:58:23 INFO  [o.s.b.w.e.t.GracefulShutdown] - Graceful shutdown complete
